1592193695457	mozrunner::runner	INFO	Running command: "/usr/bin/firefox" "-marionette" "-foreground" "-no-remote" "-profile" "/tmp/rust_mozprofileyDErjE"
1592193704860	Marionette	INFO	Listening on port 35297
1592193704893	Marionette	WARN	TLS certificate errors will be ignored for this session
console.error: "Store does not have a valid reducer. Make sure the argument passed to combineReducers is an object whose values are reducers."
console.error: (new TypeError("parent is null", "resource://devtools/client/inspector/shared/style-change-tracker.js", 67))
TypeError: parent is null: canMutationImpactCurrentStyles@resource://devtools/client/inspector/shared/style-change-tracker.js:67:24
onMutations@resource://devtools/client/inspector/shared/style-change-tracker.js:84:41
_emit@resource://devtools/shared/event-emitter.js:226:34
emit@resource://devtools/shared/event-emitter.js:172:18
emit@resource://devtools/shared/event-emitter.js:324:18
getMutations@resource://devtools/client/fronts/walker.js:395:10

console.error: "Error while calling actor 'pagestyle's method 'getLayout'" "node is null"
console.error: "getLayout@resource://devtools/server/actors/styles.js:944:5\nhandler@resource://devtools/shared/protocol/Actor.js:154:37\nonPacket@resource://devtools/server/devtools-server-connection.js:380:58\nreceiveMessage@resource://devtools/shared/transport/child-transport.js:66:16\n"
console.error: "Error while calling actor 'pagestyle's method 'getApplied'" "node is null"
console.error: "getApplied@resource://devtools/server/actors/styles.js:587:5\nhandler@resource://devtools/shared/protocol/Actor.js:154:37\nonPacket@resource://devtools/server/devtools-server-connection.js:380:58\nreceiveMessage@resource://devtools/shared/transport/child-transport.js:66:16\n"
console.error: (new Error("Protocol error (unknownError): node is null from: server0.conn0.child2/pagestyle25", "resource://devtools/shared/protocol/Front.js", 319))
IPDL protocol error: Handler returned error code!

###!!! [Parent][DispatchAsyncMessage] Error: PLayerTransaction::Msg_ReleaseLayer Processing error: message was deserialized, but the handler returned false (indicating failure)

IPDL protocol error: Handler returned error code!

###!!! [Parent][DispatchAsyncMessage] Error: PLayerTransaction::Msg_ReleaseLayer Processing error: message was deserialized, but the handler returned false (indicating failure)

1592194309047	Marionette	INFO	Stopped listening on port 35297
1592194348036	mozrunner::runner	INFO	Running command: "/usr/bin/firefox" "-marionette" "-foreground" "-no-remote" "-profile" "/tmp/rust_mozprofilefkbQPS"
1592194350315	Marionette	INFO	Listening on port 39883
1592194350430	Marionette	WARN	TLS certificate errors will be ignored for this session
1592194363109	Marionette	INFO	Stopped listening on port 39883
1592194389330	mozrunner::runner	INFO	Running command: "/usr/bin/firefox" "-marionette" "-foreground" "-no-remote" "-profile" "/tmp/rust_mozprofileMUy8wR"
1592194392161	Marionette	INFO	Listening on port 43825
1592194392242	Marionette	WARN	TLS certificate errors will be ignored for this session
JavaScript error: resource://gre/modules/URIFixup.jsm, line 203: NS_ERROR_FAILURE: Should pass a non-null uri
Exiting due to channel error.
Exiting due to channel error.
Exiting due to channel error.
1592194425076	mozrunner::runner	INFO	Running command: "/usr/bin/firefox" "-marionette" "-foreground" "-no-remote" "-profile" "/tmp/rust_mozprofilefG7Zl8"
1592194427237	Marionette	INFO	Listening on port 34339
1592194427291	Marionette	WARN	TLS certificate errors will be ignored for this session
JavaScript error: resource://gre/modules/URIFixup.jsm, line 203: NS_ERROR_FAILURE: Should pass a non-null uri
console.error: "Store does not have a valid reducer. Make sure the argument passed to combineReducers is an object whose values are reducers."
1592194558756	Marionette	INFO	Stopped listening on port 34339
1592194561627	mozrunner::runner	INFO	Running command: "/usr/bin/firefox" "-marionette" "-foreground" "-no-remote" "-profile" "/tmp/rust_mozprofileS9i8j0"
1592194564056	Marionette	INFO	Listening on port 33211
1592194564137	Marionette	WARN	TLS certificate errors will be ignored for this session
console.error: "Store does not have a valid reducer. Make sure the argument passed to combineReducers is an object whose values are reducers."
1592195423137	mozrunner::runner	INFO	Running command: "/usr/bin/firefox" "-marionette" "-foreground" "-no-remote" "-profile" "/tmp/rust_mozprofile6y3NPH"
1592195425501	Marionette	INFO	Listening on port 40005
1592195425545	Marionette	WARN	TLS certificate errors will be ignored for this session
1592195438638	Marionette	INFO	Stopped listening on port 33211
console.error: "Store does not have a valid reducer. Make sure the argument passed to combineReducers is an object whose values are reducers."
1592195505493	Marionette	INFO	Stopped listening on port 40005
1592195508418	mozrunner::runner	INFO	Running command: "/usr/bin/firefox" "-marionette" "-foreground" "-no-remote" "-profile" "/tmp/rust_mozprofilej0c9q6"
1592195510737	Marionette	INFO	Listening on port 39719
1592195510834	Marionette	WARN	TLS certificate errors will be ignored for this session
console.warn: LoginRecipes: "getRecipes: falling back to a synchronous message for:" "https://twitter.com"
console.error: "Store does not have a valid reducer. Make sure the argument passed to combineReducers is an object whose values are reducers."
console.warn: LoginRecipes: "getRecipes: falling back to a synchronous message for:" "https://twitter.com"
1592195802453	Marionette	INFO	Stopped listening on port 39719
1592195804047	mozrunner::runner	INFO	Running command: "/usr/bin/firefox" "-marionette" "-foreground" "-no-remote" "-profile" "/tmp/rust_mozprofileisQ0gx"
1592195806437	Marionette	INFO	Listening on port 34689
1592195806460	Marionette	WARN	TLS certificate errors will be ignored for this session
console.warn: LoginRecipes: "getRecipes: falling back to a synchronous message for:" "https://twitter.com"
console.error: "Store does not have a valid reducer. Make sure the argument passed to combineReducers is an object whose values are reducers."
1592195990686	Marionette	INFO	Stopped listening on port 34689
1592195993013	mozrunner::runner	INFO	Running command: "/usr/bin/firefox" "-marionette" "-foreground" "-no-remote" "-profile" "/tmp/rust_mozprofilel6F6mH"
1592195995387	Marionette	INFO	Listening on port 46595
1592195995425	Marionette	WARN	TLS certificate errors will be ignored for this session
1592196037033	Marionette	INFO	Stopped listening on port 46595
1592196038969	mozrunner::runner	INFO	Running command: "/usr/bin/firefox" "-marionette" "-foreground" "-no-remote" "-profile" "/tmp/rust_mozprofile3CXBtP"
1592196041405	Marionette	INFO	Listening on port 40133
1592196041480	Marionette	WARN	TLS certificate errors will be ignored for this session
1592196084897	Marionette	INFO	Stopped listening on port 40133
1592196093979	mozrunner::runner	INFO	Running command: "/usr/bin/firefox" "-marionette" "-foreground" "-no-remote" "-profile" "/tmp/rust_mozprofileHBTOE1"
1592196096304	Marionette	INFO	Listening on port 39927
1592196096391	Marionette	WARN	TLS certificate errors will be ignored for this session
1592196107357	Marionette	INFO	Stopped listening on port 39927
1592196200861	mozrunner::runner	INFO	Running command: "/usr/bin/firefox" "-marionette" "-foreground" "-no-remote" "-profile" "/tmp/rust_mozprofileEoXyiA"
1592196203308	Marionette	INFO	Listening on port 38393
1592196203373	Marionette	WARN	TLS certificate errors will be ignored for this session
1592196237107	Marionette	INFO	Stopped listening on port 38393
1592198552456	mozrunner::runner	INFO	Running command: "/usr/bin/firefox" "-marionette" "-foreground" "-no-remote" "-profile" "/tmp/rust_mozprofile0T4mpY"
1592198554814	Marionette	INFO	Listening on port 37671
1592198554869	Marionette	WARN	TLS certificate errors will be ignored for this session
JavaScript error: resource://gre/actors/PictureInPictureChild.jsm, line 114: InvalidStateError: An attempt was made to use an object that is not, or is no longer, usable
IPDL protocol error: Handler returned error code!

###!!! [Parent][DispatchAsyncMessage] Error: PLayerTransaction::Msg_ReleaseLayer Processing error: message was deserialized, but the handler returned false (indicating failure)

IPDL protocol error: Handler returned error code!

###!!! [Parent][DispatchAsyncMessage] Error: PLayerTransaction::Msg_ReleaseLayer Processing error: message was deserialized, but the handler returned false (indicating failure)

IPDL protocol error: Handler returned error code!

###!!! [Parent][DispatchAsyncMessage] Error: PLayerTransaction::Msg_ReleaseLayer Processing error: message was deserialized, but the handler returned false (indicating failure)

IPDL protocol error: Handler returned error code!

###!!! [Parent][DispatchAsyncMessage] Error: PLayerTransaction::Msg_ReleaseLayer Processing error: message was deserialized, but the handler returned false (indicating failure)

IPDL protocol error: Handler returned error code!

###!!! [Parent][DispatchAsyncMessage] Error: PLayerTransaction::Msg_ReleaseLayer Processing error: message was deserialized, but the handler returned false (indicating failure)

1592198581170	Marionette	INFO	Stopped listening on port 37671
1592198617191	mozrunner::runner	INFO	Running command: "/usr/bin/firefox" "-marionette" "-foreground" "-no-remote" "-profile" "/tmp/rust_mozprofilef7UiSA"
1592198619449	Marionette	INFO	Listening on port 33277
1592198619510	Marionette	WARN	TLS certificate errors will be ignored for this session
1592198647046	Marionette	INFO	Stopped listening on port 33277
1592198673349	mozrunner::runner	INFO	Running command: "/usr/bin/firefox" "-marionette" "-foreground" "-no-remote" "-profile" "/tmp/rust_mozprofileg2sSgX"
1592198676740	Marionette	INFO	Listening on port 42207
1592198676793	Marionette	WARN	TLS certificate errors will be ignored for this session
JavaScript error: https://twitter.com/explore, line 148: ChunkLoadError: Loading chunk 200 failed.
(error: https://abs.twimg.com/responsive-web/web/ondemand.BranchSdk.1babe5e4.js)
JavaScript error: https://twitter.com/explore, line 148: ChunkLoadError: Loading chunk 268 failed.
(error: https://abs.twimg.com/responsive-web/web/ondemand.emoji.en.07097c44.js)
1592198708952	Marionette	INFO	Stopped listening on port 42207
1592199673199	mozrunner::runner	INFO	Running command: "/usr/bin/firefox" "-marionette" "-foreground" "-no-remote" "-profile" "/tmp/rust_mozprofiledG6EK3"
1592199675408	Marionette	INFO	Listening on port 36909
1592199675528	Marionette	WARN	TLS certificate errors will be ignored for this session
1592199699830	Marionette	INFO	Stopped listening on port 36909
1592199701141	mozrunner::runner	INFO	Running command: "/usr/bin/firefox" "-marionette" "-foreground" "-no-remote" "-profile" "/tmp/rust_mozprofilegfuOLy"
1592199703516	Marionette	INFO	Listening on port 40099
1592199703565	Marionette	WARN	TLS certificate errors will be ignored for this session
JavaScript error: resource://gre/modules/NetworkGeolocationProvider.jsm, line 555: TypeError: xhr.response.location is undefined
console.warn: LoginRecipes: "getRecipes: falling back to a synchronous message for:" "https://twitter.com"
console.warn: LoginRecipes: "getRecipes: falling back to a synchronous message for:" "https://twitter.com"
console.error: "Store does not have a valid reducer. Make sure the argument passed to combineReducers is an object whose values are reducers."
[Child 17590, MediaDecoderStateMachine #1] WARNING: Decoder=7f20b0203400 Decode error: NS_ERROR_DOM_MEDIA_FATAL_ERR (0x806e0005) - RefPtr<MediaSourceTrackDemuxer::SamplesPromise> mozilla::MediaSourceTrackDemuxer::DoGetSamples(int32_t): manager is detached.: file /build/firefox/src/firefox-77.0.1/dom/media/MediaDecoderStateMachine.cpp, line 3370
[Child 17590, MediaDecoderStateMachine #1] WARNING: Decoder=7f20b0203400 Decode error: NS_ERROR_DOM_MEDIA_FATAL_ERR (0x806e0005) - RefPtr<MediaSourceTrackDemuxer::SamplesPromise> mozilla::MediaSourceTrackDemuxer::DoGetSamples(int32_t): manager is detached.: file /build/firefox/src/firefox-77.0.1/dom/media/MediaDecoderStateMachine.cpp, line 3370
console.error: "Error while calling actor 'pagestyle's method 'getLayout'" "node is null"
console.error: "getLayout@resource://devtools/server/actors/styles.js:944:5\nhandler@resource://devtools/shared/protocol/Actor.js:154:37\nonPacket@resource://devtools/server/devtools-server-connection.js:380:58\nreceiveMessage@resource://devtools/shared/transport/child-transport.js:66:16\n"
console.error: (new Error("Protocol error (unknownError): node is null from: server0.conn0.child2/pagestyle25", "resource://devtools/shared/protocol/Front.js", 319))
[Child 17590, MediaDecoderStateMachine #1] WARNING: Decoder=7f20a37e5000 Decode error: NS_ERROR_DOM_MEDIA_FATAL_ERR (0x806e0005) - RefPtr<MediaSourceTrackDemuxer::SamplesPromise> mozilla::MediaSourceTrackDemuxer::DoGetSamples(int32_t): manager is detached.: file /build/firefox/src/firefox-77.0.1/dom/media/MediaDecoderStateMachine.cpp, line 3370
[Child 17590, MediaDecoderStateMachine #1] WARNING: Decoder=7f20a37e5000 Decode error: NS_ERROR_DOM_MEDIA_FATAL_ERR (0x806e0005) - RefPtr<MediaSourceTrackDemuxer::SamplesPromise> mozilla::MediaSourceTrackDemuxer::DoGetSamples(int32_t): manager is detached.: file /build/firefox/src/firefox-77.0.1/dom/media/MediaDecoderStateMachine.cpp, line 3370
[Child 17590, MediaDecoderStateMachine #1] WARNING: Decoder=7f20a2bcfc00 Decode error: NS_ERROR_DOM_MEDIA_FATAL_ERR (0x806e0005) - RefPtr<MediaSourceTrackDemuxer::SamplesPromise> mozilla::MediaSourceTrackDemuxer::DoGetSamples(int32_t): manager is detached.: file /build/firefox/src/firefox-77.0.1/dom/media/MediaDecoderStateMachine.cpp, line 3370
[Child 17590, MediaDecoderStateMachine #1] WARNING: Decoder=7f20a2bcfc00 Decode error: NS_ERROR_DOM_MEDIA_FATAL_ERR (0x806e0005) - RefPtr<MediaSourceTrackDemuxer::SamplesPromise> mozilla::MediaSourceTrackDemuxer::DoGetSamples(int32_t): manager is detached.: file /build/firefox/src/firefox-77.0.1/dom/media/MediaDecoderStateMachine.cpp, line 3370
[Child 17590, MediaDecoderStateMachine #1] WARNING: Decoder=7f20a2bcfc00 Decode error: NS_ERROR_DOM_MEDIA_FATAL_ERR (0x806e0005) - RefPtr<MediaSourceTrackDemuxer::SamplesPromise> mozilla::MediaSourceTrackDemuxer::DoGetSamples(int32_t): manager is detached.: file /build/firefox/src/firefox-77.0.1/dom/media/MediaDecoderStateMachine.cpp, line 3370
[Child 17590, MediaDecoderStateMachine #1] WARNING: Decoder=7f20a37e3400 Decode error: NS_ERROR_DOM_MEDIA_FATAL_ERR (0x806e0005) - RefPtr<MediaSourceTrackDemuxer::SamplesPromise> mozilla::MediaSourceTrackDemuxer::DoGetSamples(int32_t): manager is detached.: file /build/firefox/src/firefox-77.0.1/dom/media/MediaDecoderStateMachine.cpp, line 3370
[Child 17590, MediaDecoderStateMachine #1] WARNING: Decoder=7f20a37e3400 Decode error: NS_ERROR_DOM_MEDIA_FATAL_ERR (0x806e0005) - RefPtr<MediaSourceTrackDemuxer::SamplesPromise> mozilla::MediaSourceTrackDemuxer::DoGetSamples(int32_t): manager is detached.: file /build/firefox/src/firefox-77.0.1/dom/media/MediaDecoderStateMachine.cpp, line 3370
[Child 17590, MediaDecoderStateMachine #1] WARNING: Decoder=7f20a37e3400 Decode error: NS_ERROR_DOM_MEDIA_FATAL_ERR (0x806e0005) - RefPtr<MediaSourceTrackDemuxer::SamplesPromise> mozilla::MediaSourceTrackDemuxer::DoGetSamples(int32_t): manager is detached.: file /build/firefox/src/firefox-77.0.1/dom/media/MediaDecoderStateMachine.cpp, line 3370
[Child 17590, MediaDecoderStateMachine #1] WARNING: Decoder=7f20a2c3e800 Decode error: NS_ERROR_DOM_MEDIA_FATAL_ERR (0x806e0005) - RefPtr<MediaSourceTrackDemuxer::SamplesPromise> mozilla::MediaSourceTrackDemuxer::DoGetSamples(int32_t): manager is detached.: file /build/firefox/src/firefox-77.0.1/dom/media/MediaDecoderStateMachine.cpp, line 3370
[Child 17590, MediaDecoderStateMachine #1] WARNING: Decoder=7f20a2c3e800 Decode error: NS_ERROR_DOM_MEDIA_FATAL_ERR (0x806e0005) - RefPtr<MediaSourceTrackDemuxer::SamplesPromise> mozilla::MediaSourceTrackDemuxer::DoGetSamples(int32_t): manager is detached.: file /build/firefox/src/firefox-77.0.1/dom/media/MediaDecoderStateMachine.cpp, line 3370
[Child 17590, MediaDecoderStateMachine #1] WARNING: Decoder=7f20a2c3e800 Decode error: NS_ERROR_DOM_MEDIA_FATAL_ERR (0x806e0005) - RefPtr<MediaSourceTrackDemuxer::SamplesPromise> mozilla::MediaSourceTrackDemuxer::DoGetSamples(int32_t): manager is detached.: file /build/firefox/src/firefox-77.0.1/dom/media/MediaDecoderStateMachine.cpp, line 3370
[Child 17590, MediaDecoderStateMachine #1] WARNING: Decoder=7f20a2c3e800 Decode error: NS_ERROR_DOM_MEDIA_FATAL_ERR (0x806e0005) - RefPtr<MediaSourceTrackDemuxer::SamplesPromise> mozilla::MediaSourceTrackDemuxer::DoGetSamples(int32_t): manager is detached.: file /build/firefox/src/firefox-77.0.1/dom/media/MediaDecoderStateMachine.cpp, line 3370
[Child 17590, MediaDecoderStateMachine #1] WARNING: Decoder=7f20a2c3e800 Decode error: NS_ERROR_DOM_MEDIA_FATAL_ERR (0x806e0005) - RefPtr<MediaSourceTrackDemuxer::SamplesPromise> mozilla::MediaSourceTrackDemuxer::DoGetSamples(int32_t): manager is detached.: file /build/firefox/src/firefox-77.0.1/dom/media/MediaDecoderStateMachine.cpp, line 3370
[Child 17590, MediaDecoderStateMachine #1] WARNING: Decoder=7f20a2c3e800 Decode error: NS_ERROR_DOM_MEDIA_FATAL_ERR (0x806e0005) - RefPtr<MediaSourceTrackDemuxer::SamplesPromise> mozilla::MediaSourceTrackDemuxer::DoGetSamples(int32_t): manager is detached.: file /build/firefox/src/firefox-77.0.1/dom/media/MediaDecoderStateMachine.cpp, line 3370
[Child 17590, MediaDecoderStateMachine #1] WARNING: Decoder=7f20a2c3e800 Decode error: NS_ERROR_DOM_MEDIA_FATAL_ERR (0x806e0005) - RefPtr<MediaSourceTrackDemuxer::SamplesPromise> mozilla::MediaSourceTrackDemuxer::DoGetSamples(int32_t): manager is detached.: file /build/firefox/src/firefox-77.0.1/dom/media/MediaDecoderStateMachine.cpp, line 3370
[Child 17590, MediaDecoderStateMachine #1] WARNING: Decoder=7f20a2c3e800 Decode error: NS_ERROR_DOM_MEDIA_FATAL_ERR (0x806e0005) - RefPtr<MediaSourceTrackDemuxer::SamplesPromise> mozilla::MediaSourceTrackDemuxer::DoGetSamples(int32_t): manager is detached.: file /build/firefox/src/firefox-77.0.1/dom/media/MediaDecoderStateMachine.cpp, line 3370
[Child 17590, MediaDecoderStateMachine #1] WARNING: Decoder=7f20a2c3e800 Decode error: NS_ERROR_DOM_MEDIA_FATAL_ERR (0x806e0005) - RefPtr<MediaSourceTrackDemuxer::SamplesPromise> mozilla::MediaSourceTrackDemuxer::DoGetSamples(int32_t): manager is detached.: file /build/firefox/src/firefox-77.0.1/dom/media/MediaDecoderStateMachine.cpp, line 3370
[Child 17590, MediaDecoderStateMachine #1] WARNING: Decoder=7f209e2e6400 Decode error: NS_ERROR_DOM_MEDIA_FATAL_ERR (0x806e0005) - RefPtr<MediaSourceTrackDemuxer::SamplesPromise> mozilla::MediaSourceTrackDemuxer::DoGetSamples(int32_t): manager is detached.: file /build/firefox/src/firefox-77.0.1/dom/media/MediaDecoderStateMachine.cpp, line 3370
[Child 17590, MediaDecoderStateMachine #1] WARNING: Decoder=7f209e2e6400 Decode error: NS_ERROR_DOM_MEDIA_FATAL_ERR (0x806e0005) - RefPtr<MediaSourceTrackDemuxer::SamplesPromise> mozilla::MediaSourceTrackDemuxer::DoGetSamples(int32_t): manager is detached.: file /build/firefox/src/firefox-77.0.1/dom/media/MediaDecoderStateMachine.cpp, line 3370
[Child 17590, MediaDecoderStateMachine #1] WARNING: Decoder=7f209e2e6400 Decode error: NS_ERROR_DOM_MEDIA_FATAL_ERR (0x806e0005) - RefPtr<MediaSourceTrackDemuxer::SamplesPromise> mozilla::MediaSourceTrackDemuxer::DoGetSamples(int32_t): manager is detached.: file /build/firefox/src/firefox-77.0.1/dom/media/MediaDecoderStateMachine.cpp, line 3370
[Child 17590, MediaDecoderStateMachine #1] WARNING: Decoder=7f209e2e6400 Decode error: NS_ERROR_DOM_MEDIA_FATAL_ERR (0x806e0005) - RefPtr<MediaSourceTrackDemuxer::SamplesPromise> mozilla::MediaSourceTrackDemuxer::DoGetSamples(int32_t): manager is detached.: file /build/firefox/src/firefox-77.0.1/dom/media/MediaDecoderStateMachine.cpp, line 3370
[Child 17590, MediaDecoderStateMachine #1] WARNING: Decoder=7f209e2e6400 Decode error: NS_ERROR_DOM_MEDIA_FATAL_ERR (0x806e0005) - RefPtr<MediaSourceTrackDemuxer::SamplesPromise> mozilla::MediaSourceTrackDemuxer::DoGetSamples(int32_t): manager is detached.: file /build/firefox/src/firefox-77.0.1/dom/media/MediaDecoderStateMachine.cpp, line 3370
[Child 17590, MediaDecoderStateMachine #1] WARNING: Decoder=7f209e2e6400 Decode error: NS_ERROR_DOM_MEDIA_FATAL_ERR (0x806e0005) - RefPtr<MediaSourceTrackDemuxer::SamplesPromise> mozilla::MediaSourceTrackDemuxer::DoGetSamples(int32_t): manager is detached.: file /build/firefox/src/firefox-77.0.1/dom/media/MediaDecoderStateMachine.cpp, line 3370
[Child 17590, MediaDecoderStateMachine #1] WARNING: Decoder=7f20a37dec00 Decode error: NS_ERROR_DOM_MEDIA_FATAL_ERR (0x806e0005) - RefPtr<MediaSourceTrackDemuxer::SamplesPromise> mozilla::MediaSourceTrackDemuxer::DoGetSamples(int32_t): manager is detached.: file /build/firefox/src/firefox-77.0.1/dom/media/MediaDecoderStateMachine.cpp, line 3370
[Child 17590, MediaDecoderStateMachine #1] WARNING: Decoder=7f20a37dec00 Decode error: NS_ERROR_DOM_MEDIA_FATAL_ERR (0x806e0005) - RefPtr<MediaSourceTrackDemuxer::SamplesPromise> mozilla::MediaSourceTrackDemuxer::DoGetSamples(int32_t): manager is detached.: file /build/firefox/src/firefox-77.0.1/dom/media/MediaDecoderStateMachine.cpp, line 3370
[Child 17590, MediaDecoderStateMachine #1] WARNING: Decoder=7f20a37dec00 Decode error: NS_ERROR_DOM_MEDIA_FATAL_ERR (0x806e0005) - RefPtr<MediaSourceTrackDemuxer::SamplesPromise> mozilla::MediaSourceTrackDemuxer::DoGetSamples(int32_t): manager is detached.: file /build/firefox/src/firefox-77.0.1/dom/media/MediaDecoderStateMachine.cpp, line 3370
[Child 17590, MediaDecoderStateMachine #1] WARNING: Decoder=7f20a37dec00 Decode error: NS_ERROR_DOM_MEDIA_FATAL_ERR (0x806e0005) - RefPtr<MediaSourceTrackDemuxer::SamplesPromise> mozilla::MediaSourceTrackDemuxer::DoGetSamples(int32_t): manager is detached.: file /build/firefox/src/firefox-77.0.1/dom/media/MediaDecoderStateMachine.cpp, line 3370
[Child 17590, MediaDecoderStateMachine #1] WARNING: Decoder=7f20a37dec00 Decode error: NS_ERROR_DOM_MEDIA_FATAL_ERR (0x806e0005) - RefPtr<MediaSourceTrackDemuxer::SamplesPromise> mozilla::MediaSourceTrackDemuxer::DoGetSamples(int32_t): manager is detached.: file /build/firefox/src/firefox-77.0.1/dom/media/MediaDecoderStateMachine.cpp, line 3370
[Child 17590, MediaDecoderStateMachine #1] WARNING: Decoder=7f20a37dec00 Decode error: NS_ERROR_DOM_MEDIA_FATAL_ERR (0x806e0005) - RefPtr<MediaSourceTrackDemuxer::SamplesPromise> mozilla::MediaSourceTrackDemuxer::DoGetSamples(int32_t): manager is detached.: file /build/firefox/src/firefox-77.0.1/dom/media/MediaDecoderStateMachine.cpp, line 3370
[Child 17590, MediaDecoderStateMachine #1] WARNING: Decoder=7f20a37dec00 Decode error: NS_ERROR_DOM_MEDIA_FATAL_ERR (0x806e0005) - RefPtr<MediaSourceTrackDemuxer::SamplesPromise> mozilla::MediaSourceTrackDemuxer::DoGetSamples(int32_t): manager is detached.: file /build/firefox/src/firefox-77.0.1/dom/media/MediaDecoderStateMachine.cpp, line 3370
console.error: "Store does not have a valid reducer. Make sure the argument passed to combineReducers is an object whose values are reducers."
console.error: (new TypeError("parent is null", "resource://devtools/client/inspector/shared/style-change-tracker.js", 67))
TypeError: parent is null: canMutationImpactCurrentStyles@resource://devtools/client/inspector/shared/style-change-tracker.js:67:24
onMutations@resource://devtools/client/inspector/shared/style-change-tracker.js:84:41
_emit@resource://devtools/shared/event-emitter.js:226:34
emit@resource://devtools/shared/event-emitter.js:172:18
emit@resource://devtools/shared/event-emitter.js:324:18
getMutations@resource://devtools/client/fronts/walker.js:395:10

console.error: "Error while calling actor 'pagestyle's method 'getApplied'" "node is null"
console.error: "getApplied@resource://devtools/server/actors/styles.js:587:5\nhandler@resource://devtools/shared/protocol/Actor.js:154:37\nonPacket@resource://devtools/server/devtools-server-connection.js:380:58\nreceiveMessage@resource://devtools/shared/transport/child-transport.js:66:16\n"
console.error: (new Error("Protocol error (unknownError): node is null from: server0.conn1.child2/pagestyle25", "resource://devtools/shared/protocol/Front.js", 319))
console.error: "Error while calling actor 'pagestyle's method 'getLayout'" "node is null"
console.error: "getLayout@resource://devtools/server/actors/styles.js:944:5\nhandler@resource://devtools/shared/protocol/Actor.js:154:37\nonPacket@resource://devtools/server/devtools-server-connection.js:380:58\nreceiveMessage@resource://devtools/shared/transport/child-transport.js:66:16\n"
console.error: (new Error("Protocol error (unknownError): node is null from: server0.conn1.child2/pagestyle25", "resource://devtools/shared/protocol/Front.js", 319))
1592200493527	mozrunner::runner	INFO	Running command: "/usr/bin/firefox" "-marionette" "-foreground" "-no-remote" "-profile" "/tmp/rust_mozprofilef3G6f5"
1592200496081	Marionette	INFO	Listening on port 44741
1592200496142	Marionette	WARN	TLS certificate errors will be ignored for this session
IPDL protocol error: Handler returned error code!

###!!! [Parent][DispatchAsyncMessage] Error: PLayerTransaction::Msg_ReleaseLayer Processing error: message was deserialized, but the handler returned false (indicating failure)

IPDL protocol error: Handler returned error code!

###!!! [Parent][DispatchAsyncMessage] Error: PLayerTransaction::Msg_ReleaseLayer Processing error: message was deserialized, but the handler returned false (indicating failure)

IPDL protocol error: Handler returned error code!

###!!! [Parent][DispatchAsyncMessage] Error: PLayerTransaction::Msg_ReleaseLayer Processing error: message was deserialized, but the handler returned false (indicating failure)

IPDL protocol error: Handler returned error code!

###!!! [Parent][DispatchAsyncMessage] Error: PLayerTransaction::Msg_ReleaseLayer Processing error: message was deserialized, but the handler returned false (indicating failure)

IPDL protocol error: Handler returned error code!

###!!! [Parent][DispatchAsyncMessage] Error: PLayerTransaction::Msg_ReleaseLayer Processing error: message was deserialized, but the handler returned false (indicating failure)

IPDL protocol error: Handler returned error code!

###!!! [Parent][DispatchAsyncMessage] Error: PLayerTransaction::Msg_ReleaseLayer Processing error: message was deserialized, but the handler returned false (indicating failure)

IPDL protocol error: Handler returned error code!

###!!! [Parent][DispatchAsyncMessage] Error: PLayerTransaction::Msg_ReleaseLayer Processing error: message was deserialized, but the handler returned false (indicating failure)

IPDL protocol error: Handler returned error code!

###!!! [Parent][DispatchAsyncMessage] Error: PLayerTransaction::Msg_ReleaseLayer Processing error: message was deserialized, but the handler returned false (indicating failure)

1592200518902	Marionette	INFO	Stopped listening on port 40099
1592200539530	mozrunner::runner	INFO	Running command: "/usr/bin/firefox" "-marionette" "-foreground" "-no-remote" "-profile" "/tmp/rust_mozprofileDNoZUd"
1592200541848	Marionette	INFO	Listening on port 34727
1592200541938	Marionette	WARN	TLS certificate errors will be ignored for this session
JavaScript error: https://twitter.com/explore, line 148: ChunkLoadError: Loading chunk 206 failed.
(error: https://abs.twimg.com/responsive-web/web/ondemand.EmojiPicker.f076c0c4.js)
IPDL protocol error: Handler returned error code!

###!!! [Parent][DispatchAsyncMessage] Error: PLayerTransaction::Msg_ReleaseLayer Processing error: message was deserialized, but the handler returned false (indicating failure)

IPDL protocol error: Handler returned error code!

###!!! [Parent][DispatchAsyncMessage] Error: PLayerTransaction::Msg_ReleaseLayer Processing error: message was deserialized, but the handler returned false (indicating failure)

1592200560712	Marionette	INFO	Stopped listening on port 44741
1592200631934	mozrunner::runner	INFO	Running command: "/usr/bin/firefox" "-marionette" "-foreground" "-no-remote" "-profile" "/tmp/rust_mozprofileR8Eeaf"
1592200634077	Marionette	INFO	Listening on port 40821
1592200634141	Marionette	WARN	TLS certificate errors will be ignored for this session
1592200638185	Marionette	INFO	Stopped listening on port 34727
JavaScript error: https://twitter.com/explore, line 148: ChunkLoadError: Loading chunk 206 failed.
(error: https://abs.twimg.com/responsive-web/web/ondemand.EmojiPicker.f076c0c4.js)
1592200709280	mozrunner::runner	INFO	Running command: "/usr/bin/firefox" "-marionette" "-foreground" "-no-remote" "-profile" "/tmp/rust_mozprofileUbLDw8"
1592200711356	Marionette	INFO	Listening on port 34951
1592200711403	Marionette	WARN	TLS certificate errors will be ignored for this session
1592200779994	Marionette	INFO	Stopped listening on port 34951
1592200782172	Marionette	INFO	Stopped listening on port 40821
1592200786595	mozrunner::runner	INFO	Running command: "/usr/bin/firefox" "-marionette" "-foreground" "-no-remote" "-profile" "/tmp/rust_mozprofileQETbBd"
1592200788639	Marionette	INFO	Listening on port 41059
1592200788709	Marionette	WARN	TLS certificate errors will be ignored for this session
IPDL protocol error: Handler returned error code!

###!!! [Parent][DispatchAsyncMessage] Error: PLayerTransaction::Msg_ReleaseLayer Processing error: message was deserialized, but the handler returned false (indicating failure)

IPDL protocol error: Handler returned error code!

###!!! [Parent][DispatchAsyncMessage] Error: PLayerTransaction::Msg_ReleaseLayer Processing error: message was deserialized, but the handler returned false (indicating failure)

1592200981952	Marionette	INFO	Stopped listening on port 41059
1592200983716	mozrunner::runner	INFO	Running command: "/usr/bin/firefox" "-marionette" "-foreground" "-no-remote" "-profile" "/tmp/rust_mozprofileWIwuDj"
1592200985933	Marionette	INFO	Listening on port 42601
1592200986030	Marionette	WARN	TLS certificate errors will be ignored for this session
1592201034931	Marionette	INFO	Stopped listening on port 42601
1592201035048	mozrunner::runner	INFO	Running command: "/usr/bin/firefox" "-marionette" "-foreground" "-no-remote" "-profile" "/tmp/rust_mozprofileFoEVBy"
1592201037383	Marionette	INFO	Listening on port 34965
1592201037457	Marionette	WARN	TLS certificate errors will be ignored for this session
JavaScript error: https://twitter.com/explore, line 148: ChunkLoadError: Loading chunk 200 failed.
(error: https://abs.twimg.com/responsive-web/web/ondemand.BranchSdk.1babe5e4.js)
JavaScript error: https://twitter.com/explore, line 148: ChunkLoadError: Loading chunk 268 failed.
(error: https://abs.twimg.com/responsive-web/web/ondemand.emoji.en.07097c44.js)
[Child 20589, MediaDecoderStateMachine #1] WARNING: Decoder=7ff5156de000 Decode error: NS_ERROR_DOM_MEDIA_FATAL_ERR (0x806e0005) - RefPtr<MediaSourceTrackDemuxer::SamplesPromise> mozilla::MediaSourceTrackDemuxer::DoGetSamples(int32_t): manager is detached.: file /build/firefox/src/firefox-77.0.1/dom/media/MediaDecoderStateMachine.cpp, line 3370
[Child 20589, MediaDecoderStateMachine #1] WARNING: Decoder=7ff5156de000 Decode error: NS_ERROR_DOM_MEDIA_FATAL_ERR (0x806e0005) - RefPtr<MediaSourceTrackDemuxer::SamplesPromise> mozilla::MediaSourceTrackDemuxer::DoGetSamples(int32_t): manager is detached.: file /build/firefox/src/firefox-77.0.1/dom/media/MediaDecoderStateMachine.cpp, line 3370
[Child 20589, MediaDecoderStateMachine #1] WARNING: Decoder=7ff5156de000 Decode error: NS_ERROR_DOM_MEDIA_FATAL_ERR (0x806e0005) - RefPtr<MediaSourceTrackDemuxer::SamplesPromise> mozilla::MediaSourceTrackDemuxer::DoGetSamples(int32_t): manager is detached.: file /build/firefox/src/firefox-77.0.1/dom/media/MediaDecoderStateMachine.cpp, line 3370
[Child 20589, MediaDecoderStateMachine #1] WARNING: Decoder=7ff5156de000 Decode error: NS_ERROR_DOM_MEDIA_FATAL_ERR (0x806e0005) - RefPtr<MediaSourceTrackDemuxer::SamplesPromise> mozilla::MediaSourceTrackDemuxer::DoGetSamples(int32_t): manager is detached.: file /build/firefox/src/firefox-77.0.1/dom/media/MediaDecoderStateMachine.cpp, line 3370
console.error: "Store does not have a valid reducer. Make sure the argument passed to combineReducers is an object whose values are reducers."
console.error: (new TypeError("parent is null", "resource://devtools/client/inspector/shared/style-change-tracker.js", 67))
TypeError: parent is null: canMutationImpactCurrentStyles@resource://devtools/client/inspector/shared/style-change-tracker.js:67:24
onMutations@resource://devtools/client/inspector/shared/style-change-tracker.js:84:41
_emit@resource://devtools/shared/event-emitter.js:226:34
emit@resource://devtools/shared/event-emitter.js:172:18
emit@resource://devtools/shared/event-emitter.js:324:18
getMutations@resource://devtools/client/fronts/walker.js:395:10

console.error: "Error while calling actor 'pagestyle's method 'getLayout'" "node is null"
console.error: "getLayout@resource://devtools/server/actors/styles.js:944:5\nhandler@resource://devtools/shared/protocol/Actor.js:154:37\nonPacket@resource://devtools/server/devtools-server-connection.js:380:58\nreceiveMessage@resource://devtools/shared/transport/child-transport.js:66:16\n"
console.error: (new Error("Protocol error (unknownError): node is null from: server0.conn0.child2/pagestyle25", "resource://devtools/shared/protocol/Front.js", 319))
console.error: "Store does not have a valid reducer. Make sure the argument passed to combineReducers is an object whose values are reducers."
console.warn: LoginRecipes: "getRecipes: falling back to a synchronous message for:" "https://twitter.com"
IPDL protocol error: Handler returned error code!

###!!! [Parent][DispatchAsyncMessage] Error: PLayerTransaction::Msg_ReleaseLayer Processing error: message was deserialized, but the handler returned false (indicating failure)

IPDL protocol error: Handler returned error code!

###!!! [Parent][DispatchAsyncMessage] Error: PLayerTransaction::Msg_ReleaseLayer Processing error: message was deserialized, but the handler returned false (indicating failure)

IPDL protocol error: Handler returned error code!

###!!! [Parent][DispatchAsyncMessage] Error: PLayerTransaction::Msg_ReleaseLayer Processing error: message was deserialized, but the handler returned false (indicating failure)

IPDL protocol error: Handler returned error code!

###!!! [Parent][DispatchAsyncMessage] Error: PLayerTransaction::Msg_ReleaseLayer Processing error: message was deserialized, but the handler returned false (indicating failure)

IPDL protocol error: Handler returned error code!

###!!! [Parent][DispatchAsyncMessage] Error: PLayerTransaction::Msg_ReleaseLayer Processing error: message was deserialized, but the handler returned false (indicating failure)

1592202257509	Marionette	INFO	Stopped listening on port 34965
1592202261633	mozrunner::runner	INFO	Running command: "/usr/bin/firefox" "-marionette" "-foreground" "-no-remote" "-profile" "/tmp/rust_mozprofileeHp6gv"
1592202267614	Marionette	INFO	Listening on port 40715
1592202267652	Marionette	WARN	TLS certificate errors will be ignored for this session
IPDL protocol error: Handler returned error code!

###!!! [Parent][DispatchAsyncMessage] Error: PLayerTransaction::Msg_ReleaseLayer Processing error: message was deserialized, but the handler returned false (indicating failure)

IPDL protocol error: Handler returned error code!

###!!! [Parent][DispatchAsyncMessage] Error: PLayerTransaction::Msg_ReleaseLayer Processing error: message was deserialized, but the handler returned false (indicating failure)

1592202343610	Marionette	INFO	Stopped listening on port 40715
